2026-06-02 14:40:00 | INFO | EDA | Loading dataset: penguins
2026-06-02 14:40:01 | INFO | EDA | Loaded: 344 rows, 7 columns
2026-06-02 14:40:01 | INFO | EDA | Loading dataset: penguins
2026-06-02 14:40:01 | INFO | EDA | Loaded: 344 rows, 7 columns
2026-06-02 14:40:01 | INFO | EDA | Loading dataset: penguins
2026-06-02 14:40:01 | INFO | EDA | Loaded: 344 rows, 7 columns
2026-06-02 14:40:01 | INFO | EDA | Loading dataset: penguins
2026-06-02 14:40:01 | INFO | EDA | Loaded: 344 rows, 7 columns
2026-06-02 14:40:01 | INFO | EDA | Creating cleaned view for EDA (dropping rows with key missing values)
2026-06-02 14:40:01 | DEBUG | EDA | Columns required to be non-missing: ['bill_length_mm', 'bill_depth_mm', 'flipper_length_mm', 'body_mass_g', 'species']
2026-06-02 14:40:01 | INFO | EDA | Original rows: 344
2026-06-02 14:40:01 | INFO | EDA | Clean rows:    342
2026-06-02 14:40:01 | INFO | EDA | Rows dropped:  2
2026-06-02 14:40:01 | INFO | EDA | Computing correlation matrix for numeric columns
2026-06-02 14:40:01 | INFO | EDA | 
Correlation matrix:
2026-06-02 14:40:01 | DEBUG | EDA | 
                   bill_length_mm  bill_depth_mm  flipper_length_mm  body_mass_g
bill_length_mm           1.000000      -0.235053           0.656181     0.595110
bill_depth_mm           -0.235053       1.000000          -0.583851    -0.471916
flipper_length_mm        0.656181      -0.583851           1.000000     0.871202
body_mass_g              0.595110      -0.471916           0.871202     1.000000
2026-06-02 14:40:01 | INFO | EDA | ---------Visualize Correlation Matrix as a Heatmap---------------
2026-06-02 14:40:02 | INFO | EDA | 
CUSTOM: Update these notes and use Markdown cells to narrate and tell the story as you explore. For example:

Interpretation:

 - Values close to 1 (dark red) = strong positive correlation (both increase together)
 - Values close to -1 (dark blue) = strong negative correlation (one increases, other decreases)
 - Values close to 0 (white) = little or no linear relationship
 - The diagonal is always 1 (each variable correlates perfectly with itself)

From this heatmap, we can see that flipper_length_mm and body_mass_g show strong positive correlation (~0.87).

2026-06-02 14:41:36 | INFO | EDA | === RUN START ===
2026-06-02 14:41:36 | INFO | EDA | project=EDA
2026-06-02 14:41:36 | INFO | EDA | repo_dir=datafun-04-notebooks
2026-06-02 14:41:36 | INFO | EDA | python=3.14.3
2026-06-02 14:41:36 | INFO | EDA | os=Windows 11
2026-06-02 14:41:36 | INFO | EDA | shell=powershell
2026-06-02 14:41:36 | INFO | EDA | cwd=.
2026-06-02 14:41:36 | INFO | EDA | github_actions=False
2026-06-02 14:41:36 | INFO | EDA | ========================
2026-06-02 14:41:36 | INFO | EDA | START main()
2026-06-02 14:41:36 | INFO | EDA | ========================
2026-06-02 14:41:36 | INFO | EDA | --- Section 2: Load dataset: penguins ---
2026-06-02 14:41:36 | INFO | EDA | Loading dataset: penguins
2026-06-02 14:41:36 | INFO | EDA | Loaded: 344 rows, 7 columns
2026-06-02 14:41:36 | INFO | EDA | --- Section 3: Inspect shape and basic structure ---
2026-06-02 14:41:36 | INFO | EDA | Previewing first few rows of the dataset
2026-06-02 14:41:36 | DEBUG | EDA | 
  species     island  bill_length_mm  bill_depth_mm  flipper_length_mm  body_mass_g     sex
0  Adelie  Torgersen            39.1           18.7              181.0       3750.0    Male
1  Adelie  Torgersen            39.5           17.4              186.0       3800.0  Female
2  Adelie  Torgersen            40.3           18.0              195.0       3250.0  Female
3  Adelie  Torgersen             NaN            NaN                NaN          NaN     NaN
4  Adelie  Torgersen            36.7           19.3              193.0       3450.0  Female
2026-06-02 14:41:36 | INFO | EDA | Column names
2026-06-02 14:41:36 | DEBUG | EDA | ['species', 'island', 'bill_length_mm', 'bill_depth_mm', 'flipper_length_mm', 'body_mass_g', 'sex']
2026-06-02 14:41:36 | INFO | EDA | DataFrame info (types and non-null counts)
2026-06-02 14:41:36 | INFO | EDA | Dataset shape: 344 rows, 7 columns
2026-06-02 14:41:36 | INFO | EDA | --- Section 4: Create Data Dictionary and Check Data Quality ---
2026-06-02 14:41:36 | INFO | EDA | Building starter data dictionary
2026-06-02 14:41:36 | DEBUG | EDA | 
              column    dtype  missing_count  missing_pct
0            species      str              0         0.00
1             island      str              0         0.00
2     bill_length_mm  float64              2         0.58
3      bill_depth_mm  float64              2         0.58
4  flipper_length_mm  float64              2         0.58
5        body_mass_g  float64              2         0.58
6                sex      str             11         3.20
2026-06-02 14:41:36 | INFO | EDA | Missing values per column:
2026-06-02 14:41:36 | INFO | EDA | 
species               0
island                0
bill_length_mm        2
bill_depth_mm         2
flipper_length_mm     2
body_mass_g           2
sex                  11
dtype: int64
2026-06-02 14:41:36 | INFO | EDA | Checking missing values per column
2026-06-02 14:41:36 | DEBUG | EDA | 
sex                  11
bill_depth_mm         2
bill_length_mm        2
flipper_length_mm     2
body_mass_g           2
island                0
species               0
dtype: int64
2026-06-02 14:41:36 | INFO | EDA | Duplicate rows detected: 0
2026-06-02 14:41:36 | INFO | EDA | Call describe() for numeric columns
2026-06-02 14:41:36 | DEBUG | EDA | 
       bill_length_mm  bill_depth_mm  flipper_length_mm  body_mass_g
count      342.000000     342.000000         342.000000   342.000000
mean        43.921930      17.151170         200.915205  4201.754386
std          5.459584       1.974793          14.061714   801.954536
min         32.100000      13.100000         172.000000  2700.000000
25%         39.225000      15.600000         190.000000  3550.000000
50%         44.450000      17.300000         197.000000  4050.000000
75%         48.500000      18.700000         213.000000  4750.000000
max         59.600000      21.500000         231.000000  6300.000000

2026-06-02 14:41:36 | INFO | EDA | --- Section 5: Create a cleaned view for EDA ---
2026-06-02 14:41:36 | INFO | EDA | Creating cleaned view for EDA (dropping rows with key missing values)
2026-06-02 14:41:36 | DEBUG | EDA | Columns required to be non-missing: ['bill_length_mm', 'bill_depth_mm', 'flipper_length_mm', 'body_mass_g', 'species']
2026-06-02 14:41:36 | INFO | EDA | Original rows: 344
2026-06-02 14:41:36 | INFO | EDA | Clean rows:    342
2026-06-02 14:41:36 | INFO | EDA | Rows dropped:  2
2026-06-02 14:41:36 | INFO | EDA | --- Section 6: Descriptive statistics for numeric columns ---
2026-06-02 14:41:36 | INFO | EDA | --------------- Manual statistics ---------------
2026-06-02 14:41:36 | DEBUG | EDA | Body Mass Statistics (using numpy):
2026-06-02 14:41:36 | DEBUG | EDA |   Mean: 4201.75 g
2026-06-02 14:41:36 | DEBUG | EDA |   Std Dev: 800.78 g
2026-06-02 14:41:36 | DEBUG | EDA |   Min: 2700.00 g
2026-06-02 14:41:36 | DEBUG | EDA |   Max: 6300.00 g
2026-06-02 14:41:36 | DEBUG | EDA |   Range: 3600.00 g
2026-06-02 14:41:36 | INFO | EDA | --------------- Using pandas describe() method ---------------
2026-06-02 14:41:36 | INFO | EDA | Computing overall descriptive statistics
2026-06-02 14:41:36 | DEBUG | EDA | 
                   count         mean         std     min       25%      50%     75%     max
bill_length_mm     342.0    43.921930    5.459584    32.1    39.225    44.45    48.5    59.6
bill_depth_mm      342.0    17.151170    1.974793    13.1    15.600    17.30    18.7    21.5
flipper_length_mm  342.0   200.915205   14.061714   172.0   190.000   197.00   213.0   231.0
body_mass_g        342.0  4201.754386  801.954536  2700.0  3550.000  4050.00  4750.0  6300.0
2026-06-02 14:41:36 | INFO | EDA | --------------- Using pandas groupby() and agg() ---------------
2026-06-02 14:41:36 | INFO | EDA | Computing descriptive statistics by group
2026-06-02 14:41:36 | DEBUG | EDA | 
          bill_length_mm                                  bill_depth_mm                                   \
                   count       mean       std   min   max         count       mean       std   min   max   
species                                                                                                    
Adelie               151  38.791391  2.663405  32.1  46.0           151  18.346358  1.216650  15.5  21.5   
Chinstrap             68  48.833824  3.339256  40.9  58.0            68  18.420588  1.135395  16.4  20.8   
Gentoo               123  47.504878  3.081857  40.9  59.6           123  14.982114  0.981220  13.1  17.3   

          flipper_length_mm                                     body_mass_g                                           
                      count        mean       std    min    max       count         mean         std     min     max  
species                                                                                                               
Adelie                  151  189.953642  6.539457  172.0  210.0         151  3700.662252  458.566126  2850.0  4775.0  
Chinstrap                68  195.823529  7.131894  178.0  212.0          68  3733.088235  384.335081  2700.0  4800.0  
Gentoo                  123  217.186992  6.484976  203.0  231.0         123  5076.016260  504.116237  3950.0  6300.0  
2026-06-02 14:41:36 | INFO | EDA | 
Stacked view - easier to read in logs:
2026-06-02 14:41:36 | DEBUG | EDA | 
                             count         mean         std     min     max
species                                                                    
Adelie    bill_length_mm       151    38.791391    2.663405    32.1    46.0
          bill_depth_mm        151    18.346358    1.216650    15.5    21.5
          flipper_length_mm    151   189.953642    6.539457   172.0   210.0
          body_mass_g          151  3700.662252  458.566126  2850.0  4775.0
Chinstrap bill_length_mm        68    48.833824    3.339256    40.9    58.0
          bill_depth_mm         68    18.420588    1.135395    16.4    20.8
          flipper_length_mm     68   195.823529    7.131894   178.0   212.0
          body_mass_g           68  3733.088235  384.335081  2700.0  4800.0
Gentoo    bill_length_mm       123    47.504878    3.081857    40.9    59.6
          bill_depth_mm        123    14.982114    0.981220    13.1    17.3
          flipper_length_mm    123   217.186992    6.484976   203.0   231.0
          body_mass_g          123  5076.016260  504.116237  3950.0  6300.0
2026-06-02 14:41:36 | INFO | EDA | --- Section 7: Correlation matrix for numeric columns ---
2026-06-02 14:41:36 | INFO | EDA | Computing correlation matrix for numeric columns
2026-06-02 14:41:36 | INFO | EDA | 
Correlation matrix:
2026-06-02 14:41:36 | DEBUG | EDA | 
                   bill_length_mm  bill_depth_mm  flipper_length_mm  body_mass_g
bill_length_mm           1.000000      -0.235053           0.656181     0.595110
bill_depth_mm           -0.235053       1.000000          -0.583851    -0.471916
flipper_length_mm        0.656181      -0.583851           1.000000     0.871202
body_mass_g              0.595110      -0.471916           0.871202     1.000000
2026-06-02 14:41:36 | INFO | EDA | ---------Visualize Correlation Matrix as a Heatmap---------------
2026-06-02 14:41:36 | INFO | EDA | 
CUSTOM: Update these notes and use Markdown cells to narrate and tell the story as you explore. For example:

Interpretation:

 - Values close to 1 (dark red) = strong positive correlation (both increase together)
 - Values close to -1 (dark blue) = strong negative correlation (one increases, other decreases)
 - Values close to 0 (white) = little or no linear relationship
 - The diagonal is always 1 (each variable correlates perfectly with itself)

From this heatmap, we can see that flipper_length_mm and body_mass_g show strong positive correlation (~0.87).

2026-06-02 14:41:36 | INFO | EDA | --- Section 8: Charts ---
2026-06-02 14:41:36 | INFO | EDA | ---- Creating Scatter Plot to see Relationships ------
2026-06-02 14:41:36 | INFO | EDA | ----   Use clean dataframe ---------------------------
2026-06-02 14:41:36 | INFO | EDA | ----   Set x to flipper length -----------------------
2026-06-02 14:41:36 | INFO | EDA | ----   Set y to bill length --------------------------
2026-06-02 14:41:36 | INFO | EDA | ----   Set the hue (color mapping) to the group column --
2026-06-02 14:41:36 | INFO | EDA | ------ Creating Box Plot to see Distribution: ---------
2026-06-02 14:41:36 | INFO | EDA | ------   Use clean dataframe --------------------------
2026-06-02 14:41:36 | INFO | EDA | ------   Set x to the group column --------------------
2026-06-02 14:41:36 | INFO | EDA | ------   Set y to flipper length ----------------------
2026-06-02 14:41:36 | INFO | EDA | --- Section 9: Summary and next steps ---
2026-06-02 14:41:36 | INFO | EDA | ========================
2026-06-02 14:41:36 | INFO | EDA | SUMMARY
2026-06-02 14:41:37 | INFO | EDA | ========================
2026-06-02 14:41:37 | INFO | EDA | Dataset: penguins
2026-06-02 14:41:37 | INFO | EDA | Original rows: 344
2026-06-02 14:41:37 | INFO | EDA | Clean rows:    342
2026-06-02 14:41:37 | INFO | EDA | Groups found in species: ['Adelie', 'Chinstrap', 'Gentoo']
2026-06-02 14:41:37 | INFO | EDA | Strongest correlation: 
2026-06-02 14:41:37 | INFO | EDA |   flipper_length_mm and body_mass_g (~0.87)
2026-06-02 14:41:37 | INFO | EDA | Suggested next step: 
2026-06-02 14:41:37 | INFO | EDA |   Model body_mass_g ~ flipper_length_mm with linear regression
2026-06-02 14:41:37 | INFO | EDA | ----- in a script, call plt.show() once at the end to display all charts -----
2026-06-02 14:41:37 | INFO | EDA | ----- in a script, close the chart windows (with the close button) to continue  -----
2026-06-02 14:42:02 | INFO | EDA | EDA workflow complete
2026-06-02 14:42:02 | INFO | EDA | IMPORTANT: This script creates chart windows.
2026-06-02 14:42:02 | INFO | EDA | Close any chart windows and terminate this process with CTRL+c as needed.
2026-06-02 14:42:02 | INFO | EDA | ========================
2026-06-02 14:42:02 | INFO | EDA | Executed successfully!
2026-06-02 14:42:02 | INFO | EDA | ========================
2026-06-02 14:46:34 | INFO | EDA-NB | === RUN START ===
2026-06-02 14:46:34 | INFO | EDA-NB | project=EDA-NB
2026-06-02 14:46:34 | INFO | EDA-NB | repo_dir=datafun-04-notebooks
2026-06-02 14:46:34 | INFO | EDA-NB | python=3.14.3
2026-06-02 14:46:34 | INFO | EDA-NB | os=Windows 11
2026-06-02 14:46:34 | INFO | EDA-NB | shell=powershell
2026-06-02 14:46:34 | INFO | EDA-NB | cwd=notebooks
2026-06-02 14:46:34 | INFO | EDA-NB | github_actions=False
2026-06-02 14:46:34 | INFO | EDA-NB | Imports complete.
2026-06-02 14:46:34 | INFO | EDA-NB | Loading dataset: penguins
2026-06-02 14:46:34 | INFO | EDA-NB | Loaded: 344 rows, 7 columns
2026-06-02 14:46:34 | INFO | EDA-NB | Previewing first few rows of the dataset
2026-06-02 14:46:34 | INFO | EDA-NB | Column names
2026-06-02 14:46:34 | INFO | EDA-NB | DataFrame info (types and non-null counts)
2026-06-02 14:46:34 | INFO | EDA-NB | Dataset shape: 344 rows, 7 columns
2026-06-02 14:46:34 | INFO | EDA-NB | Building starter data dictionary
2026-06-02 14:46:34 | DEBUG | EDA-NB | 
              column    dtype  missing_count  missing_pct
0            species      str              0         0.00
1             island      str              0         0.00
2     bill_length_mm  float64              2         0.58
3      bill_depth_mm  float64              2         0.58
4  flipper_length_mm  float64              2         0.58
5        body_mass_g  float64              2         0.58
6                sex      str             11         3.20
2026-06-02 14:46:34 | INFO | EDA-NB | Missing values per column:
2026-06-02 14:46:34 | INFO | EDA-NB | species               0
island                0
bill_length_mm        2
bill_depth_mm         2
flipper_length_mm     2
body_mass_g           2
sex                  11
dtype: int64
2026-06-02 14:46:34 | INFO | EDA-NB | Checking missing values per column
2026-06-02 14:46:34 | DEBUG | EDA-NB | 
sex                  11
bill_depth_mm         2
bill_length_mm        2
flipper_length_mm     2
body_mass_g           2
island                0
species               0
dtype: int64
2026-06-02 14:46:34 | INFO | EDA-NB | Duplicate rows detected: 0
2026-06-02 14:46:34 | INFO | EDA-NB | Call describe() for numeric columns
2026-06-02 14:46:34 | DEBUG | EDA-NB | 
       bill_length_mm  bill_depth_mm  flipper_length_mm  body_mass_g
count      342.000000     342.000000         342.000000   342.000000
mean        43.921930      17.151170         200.915205  4201.754386
std          5.459584       1.974793          14.061714   801.954536
min         32.100000      13.100000         172.000000  2700.000000
25%         39.225000      15.600000         190.000000  3550.000000
50%         44.450000      17.300000         197.000000  4050.000000
75%         48.500000      18.700000         213.000000  4750.000000
max         59.600000      21.500000         231.000000  6300.000000

2026-06-02 14:46:34 | DEBUG | EDA-NB | Columns required to be non-missing: ['bill_length_mm', 'bill_depth_mm', 'flipper_length_mm', 'body_mass_g', 'species']
2026-06-02 14:46:34 | INFO | EDA-NB | Original rows: 344
2026-06-02 14:46:34 | INFO | EDA-NB | Clean rows:    342
2026-06-02 14:46:34 | INFO | EDA-NB | Rows dropped:  2
2026-06-02 14:46:35 | INFO | EDA-NB | --------------- Manual statistics ---------------
2026-06-02 14:46:35 | INFO | EDA-NB | Body Mass Statistics (using numpy):
2026-06-02 14:46:35 | INFO | EDA-NB |   Mean: 4201.75 g
2026-06-02 14:46:35 | INFO | EDA-NB |   Std Dev: 800.78 g
2026-06-02 14:46:35 | INFO | EDA-NB |   Min: 2700.00 g
2026-06-02 14:46:35 | INFO | EDA-NB |   Max: 6300.00 g
2026-06-02 14:46:35 | INFO | EDA-NB |   Range: 3600.00 g
2026-06-02 14:46:35 | INFO | EDA-NB | Computing overall descriptive statistics
2026-06-02 14:46:35 | DEBUG | EDA-NB | 
                   count         mean         std     min       25%      50%     75%     max
bill_length_mm     342.0    43.921930    5.459584    32.1    39.225    44.45    48.5    59.6
bill_depth_mm      342.0    17.151170    1.974793    13.1    15.600    17.30    18.7    21.5
flipper_length_mm  342.0   200.915205   14.061714   172.0   190.000   197.00   213.0   231.0
body_mass_g        342.0  4201.754386  801.954536  2700.0  3550.000  4050.00  4750.0  6300.0
2026-06-02 14:46:35 | INFO | EDA-NB | --------------- Using pandas groupby() and agg() ---------------
2026-06-02 14:46:35 | INFO | EDA-NB | Computing descriptive statistics by group
2026-06-02 14:46:35 | DEBUG | EDA-NB | 
          bill_length_mm                                  bill_depth_mm                                   \
                   count       mean       std   min   max         count       mean       std   min   max   
species                                                                                                    
Adelie               151  38.791391  2.663405  32.1  46.0           151  18.346358  1.216650  15.5  21.5   
Chinstrap             68  48.833824  3.339256  40.9  58.0            68  18.420588  1.135395  16.4  20.8   
Gentoo               123  47.504878  3.081857  40.9  59.6           123  14.982114  0.981220  13.1  17.3   

          flipper_length_mm                                     body_mass_g                                           
                      count        mean       std    min    max       count         mean         std     min     max  
species                                                                                                               
Adelie                  151  189.953642  6.539457  172.0  210.0         151  3700.662252  458.566126  2850.0  4775.0  
Chinstrap                68  195.823529  7.131894  178.0  212.0          68  3733.088235  384.335081  2700.0  4800.0  
Gentoo                  123  217.186992  6.484976  203.0  231.0         123  5076.016260  504.116237  3950.0  6300.0  
2026-06-02 14:46:35 | INFO | EDA-NB | --------------- Improving the output ---------------
2026-06-02 14:46:35 | DEBUG | EDA-NB | 
                             count         mean         std     min     max
species                                                                    
Adelie    bill_length_mm       151    38.791391    2.663405    32.1    46.0
          bill_depth_mm        151    18.346358    1.216650    15.5    21.5
          flipper_length_mm    151   189.953642    6.539457   172.0   210.0
          body_mass_g          151  3700.662252  458.566126  2850.0  4775.0
Chinstrap bill_length_mm        68    48.833824    3.339256    40.9    58.0
          bill_depth_mm         68    18.420588    1.135395    16.4    20.8
          flipper_length_mm     68   195.823529    7.131894   178.0   212.0
          body_mass_g           68  3733.088235  384.335081  2700.0  4800.0
Gentoo    bill_length_mm       123    47.504878    3.081857    40.9    59.6
          bill_depth_mm        123    14.982114    0.981220    13.1    17.3
          flipper_length_mm    123   217.186992    6.484976   203.0   231.0
          body_mass_g          123  5076.016260  504.116237  3950.0  6300.0
2026-06-02 14:46:35 | INFO | EDA-NB | Computing correlation matrix for numeric columns
2026-06-02 14:46:35 | INFO | EDA-NB | 
Correlation matrix:
2026-06-02 14:46:35 | DEBUG | EDA-NB | 
                   bill_length_mm  bill_depth_mm  flipper_length_mm  body_mass_g
bill_length_mm           1.000000      -0.235053           0.656181     0.595110
bill_depth_mm           -0.235053       1.000000          -0.583851    -0.471916
flipper_length_mm        0.656181      -0.583851           1.000000     0.871202
body_mass_g              0.595110      -0.471916           0.871202     1.000000
2026-06-02 14:46:35 | INFO | EDA-NB | ---------Visualize Correlation Matrix as a Heatmap---------------
2026-06-02 14:46:35 | INFO | EDA-NB | ---- Creating Scatter Plot to see Relationships ------
2026-06-02 14:46:35 | INFO | EDA-NB | ----   Use clean dataframe ---------------------------
2026-06-02 14:46:35 | INFO | EDA-NB | ----   Set x to flipper length -----------------------
2026-06-02 14:46:35 | INFO | EDA-NB | ----   Set y to bill length --------------------------
2026-06-02 14:46:35 | INFO | EDA-NB | ----   Set the hue (color mapping) to the group column --
2026-06-02 14:46:35 | INFO | EDA-NB | ------- Creating another chart -------
2026-06-02 14:46:35 | INFO | EDA-NB | ------ Creating Box Plot to see Distribution: ---------
2026-06-02 14:46:35 | INFO | EDA-NB | ------   Use clean dataframe --------------------------
2026-06-02 14:46:35 | INFO | EDA-NB | ------   Set x to the group column --------------------
2026-06-02 14:46:35 | INFO | EDA-NB | ------   Set y to flipper length ----------------------
2026-06-02 14:46:36 | INFO | EDA-NB | ========================
2026-06-02 14:46:36 | INFO | EDA-NB | SUMMARY
2026-06-02 14:46:36 | INFO | EDA-NB | ========================
2026-06-02 14:46:36 | INFO | EDA-NB | Dataset: penguins
2026-06-02 14:46:36 | INFO | EDA-NB | Original rows: 344
2026-06-02 14:46:36 | INFO | EDA-NB | Clean rows:    342
2026-06-02 14:46:36 | INFO | EDA-NB | Groups found in species: ['Adelie', 'Chinstrap', 'Gentoo']
2026-06-02 14:46:36 | INFO | EDA-NB | Strongest correlation: 
2026-06-02 14:46:36 | INFO | EDA-NB |   flipper_length_mm and body_mass_g (~0.87)
2026-06-02 14:46:36 | INFO | EDA-NB | Suggested next step: 
2026-06-02 14:46:36 | INFO | EDA-NB |   Model body_mass_g ~ flipper_length_mm with linear regression
2026-06-02 14:46:36 | INFO | EDA-NB | EDA workflow complete
2026-06-02 14:46:36 | INFO | EDA-NB | IMPORTANT: This script creates chart windows.
2026-06-02 14:46:36 | INFO | EDA-NB | Close any chart windows and terminate this process with CTRL+c as needed.
2026-06-02 14:46:36 | INFO | EDA-NB | ========================
2026-06-02 14:46:36 | INFO | EDA-NB | Executed successfully!
2026-06-02 14:46:36 | INFO | EDA-NB | ========================
2026-06-04 17:52:01 | INFO | EDA | === RUN START ===
2026-06-04 17:52:01 | INFO | EDA | project=EDA
2026-06-04 17:52:01 | INFO | EDA | repo_dir=datafun-04-notebooks
2026-06-04 17:52:01 | INFO | EDA | python=3.14.3
2026-06-04 17:52:01 | INFO | EDA | os=Windows 11
2026-06-04 17:52:01 | INFO | EDA | shell=powershell
2026-06-04 17:52:01 | INFO | EDA | cwd=.
2026-06-04 17:52:01 | INFO | EDA | github_actions=False
2026-06-04 17:52:01 | INFO | EDA | ========================
2026-06-04 17:52:01 | INFO | EDA | START main()
2026-06-04 17:52:01 | INFO | EDA | ========================
2026-06-04 17:52:01 | INFO | EDA | --- Section 2: Load dataset: penguins ---
2026-06-04 17:52:01 | INFO | EDA | Loading dataset: penguins
2026-06-04 17:52:01 | INFO | EDA | Loaded: 344 rows, 7 columns
2026-06-04 17:52:01 | INFO | EDA | --- Section 3: Inspect shape and basic structure ---
2026-06-04 17:52:01 | INFO | EDA | Previewing first few rows of the dataset
2026-06-04 17:52:01 | DEBUG | EDA | 
  species     island  bill_length_mm  bill_depth_mm  flipper_length_mm  body_mass_g     sex
0  Adelie  Torgersen            39.1           18.7              181.0       3750.0    Male
1  Adelie  Torgersen            39.5           17.4              186.0       3800.0  Female
2  Adelie  Torgersen            40.3           18.0              195.0       3250.0  Female
3  Adelie  Torgersen             NaN            NaN                NaN          NaN     NaN
4  Adelie  Torgersen            36.7           19.3              193.0       3450.0  Female
2026-06-04 17:52:01 | INFO | EDA | Column names
2026-06-04 17:52:01 | DEBUG | EDA | ['species', 'island', 'bill_length_mm', 'bill_depth_mm', 'flipper_length_mm', 'body_mass_g', 'sex']
2026-06-04 17:52:01 | INFO | EDA | DataFrame info (types and non-null counts)
2026-06-04 17:52:01 | INFO | EDA | Dataset shape: 344 rows, 7 columns
2026-06-04 17:52:01 | INFO | EDA | --- Section 4: Create Data Dictionary and Check Data Quality ---
2026-06-04 17:52:01 | INFO | EDA | Building starter data dictionary
2026-06-04 17:52:01 | DEBUG | EDA | 
              column    dtype  missing_count  missing_pct
0            species      str              0         0.00
1             island      str              0         0.00
2     bill_length_mm  float64              2         0.58
3      bill_depth_mm  float64              2         0.58
4  flipper_length_mm  float64              2         0.58
5        body_mass_g  float64              2         0.58
6                sex      str             11         3.20
2026-06-04 17:52:01 | INFO | EDA | Missing values per column:
2026-06-04 17:52:01 | INFO | EDA | 
species               0
island                0
bill_length_mm        2
bill_depth_mm         2
flipper_length_mm     2
body_mass_g           2
sex                  11
dtype: int64
2026-06-04 17:52:01 | INFO | EDA | Checking missing values per column
2026-06-04 17:52:01 | DEBUG | EDA | 
sex                  11
bill_depth_mm         2
bill_length_mm        2
flipper_length_mm     2
body_mass_g           2
island                0
species               0
dtype: int64
2026-06-04 17:52:01 | INFO | EDA | Duplicate rows detected: 0
2026-06-04 17:52:01 | INFO | EDA | Call describe() for numeric columns
2026-06-04 17:52:01 | DEBUG | EDA | 
       bill_length_mm  bill_depth_mm  flipper_length_mm  body_mass_g
count      342.000000     342.000000         342.000000   342.000000
mean        43.921930      17.151170         200.915205  4201.754386
std          5.459584       1.974793          14.061714   801.954536
min         32.100000      13.100000         172.000000  2700.000000
25%         39.225000      15.600000         190.000000  3550.000000
50%         44.450000      17.300000         197.000000  4050.000000
75%         48.500000      18.700000         213.000000  4750.000000
max         59.600000      21.500000         231.000000  6300.000000

2026-06-04 17:52:01 | INFO | EDA | --- Section 5: Create a cleaned view for EDA ---
2026-06-04 17:52:01 | INFO | EDA | Creating cleaned view for EDA (dropping rows with key missing values)
2026-06-04 17:52:01 | DEBUG | EDA | Columns required to be non-missing: ['bill_length_mm', 'bill_depth_mm', 'flipper_length_mm', 'body_mass_g', 'species']
2026-06-04 17:52:01 | INFO | EDA | Original rows: 344
2026-06-04 17:52:01 | INFO | EDA | Clean rows:    342
2026-06-04 17:52:01 | INFO | EDA | Rows dropped:  2
2026-06-04 17:52:01 | INFO | EDA | --- Section 6: Descriptive statistics for numeric columns ---
2026-06-04 17:52:01 | INFO | EDA | --------------- Manual statistics ---------------
2026-06-04 17:52:01 | DEBUG | EDA | Body Mass Statistics (using numpy):
2026-06-04 17:52:01 | DEBUG | EDA |   Mean: 4201.75 g
2026-06-04 17:52:01 | DEBUG | EDA |   Std Dev: 800.78 g
2026-06-04 17:52:01 | DEBUG | EDA |   Min: 2700.00 g
2026-06-04 17:52:01 | DEBUG | EDA |   Max: 6300.00 g
2026-06-04 17:52:01 | DEBUG | EDA |   Range: 3600.00 g
2026-06-04 17:52:01 | INFO | EDA | --------------- Using pandas describe() method ---------------
2026-06-04 17:52:01 | INFO | EDA | Computing overall descriptive statistics
2026-06-04 17:52:01 | DEBUG | EDA | 
                   count         mean         std     min       25%      50%     75%     max
bill_length_mm     342.0    43.921930    5.459584    32.1    39.225    44.45    48.5    59.6
bill_depth_mm      342.0    17.151170    1.974793    13.1    15.600    17.30    18.7    21.5
flipper_length_mm  342.0   200.915205   14.061714   172.0   190.000   197.00   213.0   231.0
body_mass_g        342.0  4201.754386  801.954536  2700.0  3550.000  4050.00  4750.0  6300.0
2026-06-04 17:52:01 | INFO | EDA | --------------- Using pandas groupby() and agg() ---------------
2026-06-04 17:52:01 | INFO | EDA | Computing descriptive statistics by group
2026-06-04 17:52:01 | DEBUG | EDA | 
          bill_length_mm                                  bill_depth_mm                                   \
                   count       mean       std   min   max         count       mean       std   min   max   
species                                                                                                    
Adelie               151  38.791391  2.663405  32.1  46.0           151  18.346358  1.216650  15.5  21.5   
Chinstrap             68  48.833824  3.339256  40.9  58.0            68  18.420588  1.135395  16.4  20.8   
Gentoo               123  47.504878  3.081857  40.9  59.6           123  14.982114  0.981220  13.1  17.3   

          flipper_length_mm                                     body_mass_g                                           
                      count        mean       std    min    max       count         mean         std     min     max  
species                                                                                                               
Adelie                  151  189.953642  6.539457  172.0  210.0         151  3700.662252  458.566126  2850.0  4775.0  
Chinstrap                68  195.823529  7.131894  178.0  212.0          68  3733.088235  384.335081  2700.0  4800.0  
Gentoo                  123  217.186992  6.484976  203.0  231.0         123  5076.016260  504.116237  3950.0  6300.0  
2026-06-04 17:52:01 | INFO | EDA | 
Stacked view - easier to read in logs:
2026-06-04 17:52:01 | DEBUG | EDA | 
                             count         mean         std     min     max
species                                                                    
Adelie    bill_length_mm       151    38.791391    2.663405    32.1    46.0
          bill_depth_mm        151    18.346358    1.216650    15.5    21.5
          flipper_length_mm    151   189.953642    6.539457   172.0   210.0
          body_mass_g          151  3700.662252  458.566126  2850.0  4775.0
Chinstrap bill_length_mm        68    48.833824    3.339256    40.9    58.0
          bill_depth_mm         68    18.420588    1.135395    16.4    20.8
          flipper_length_mm     68   195.823529    7.131894   178.0   212.0
          body_mass_g           68  3733.088235  384.335081  2700.0  4800.0
Gentoo    bill_length_mm       123    47.504878    3.081857    40.9    59.6
          bill_depth_mm        123    14.982114    0.981220    13.1    17.3
          flipper_length_mm    123   217.186992    6.484976   203.0   231.0
          body_mass_g          123  5076.016260  504.116237  3950.0  6300.0
2026-06-04 17:52:01 | INFO | EDA | --- Section 7: Correlation matrix for numeric columns ---
2026-06-04 17:52:01 | INFO | EDA | Computing correlation matrix for numeric columns
2026-06-04 17:52:01 | INFO | EDA | 
Correlation matrix:
2026-06-04 17:52:01 | DEBUG | EDA | 
                   bill_length_mm  bill_depth_mm  flipper_length_mm  body_mass_g
bill_length_mm           1.000000      -0.235053           0.656181     0.595110
bill_depth_mm           -0.235053       1.000000          -0.583851    -0.471916
flipper_length_mm        0.656181      -0.583851           1.000000     0.871202
body_mass_g              0.595110      -0.471916           0.871202     1.000000
2026-06-04 17:52:01 | INFO | EDA | ---------Visualize Correlation Matrix as a Heatmap---------------
2026-06-04 17:52:03 | INFO | EDA | 
CUSTOM: Update these notes and use Markdown cells to narrate and tell the story as you explore. For example:

Interpretation:

 - Values close to 1 (dark red) = strong positive correlation (both increase together)
 - Values close to -1 (dark blue) = strong negative correlation (one increases, other decreases)
 - Values close to 0 (white) = little or no linear relationship
 - The diagonal is always 1 (each variable correlates perfectly with itself)

From this heatmap, we can see that flipper_length_mm and body_mass_g show strong positive correlation (~0.87).

2026-06-04 17:52:03 | INFO | EDA | --- Section 8: Charts ---
2026-06-04 17:52:03 | INFO | EDA | ---- Creating Scatter Plot to see Relationships ------
2026-06-04 17:52:03 | INFO | EDA | ----   Use clean dataframe ---------------------------
2026-06-04 17:52:03 | INFO | EDA | ----   Set x to flipper length -----------------------
2026-06-04 17:52:03 | INFO | EDA | ----   Set y to bill length --------------------------
2026-06-04 17:52:03 | INFO | EDA | ----   Set the hue (color mapping) to the group column --
2026-06-04 17:52:03 | INFO | EDA | ------ Creating Box Plot to see Distribution: ---------
2026-06-04 17:52:03 | INFO | EDA | ------   Use clean dataframe --------------------------
2026-06-04 17:52:03 | INFO | EDA | ------   Set x to the group column --------------------
2026-06-04 17:52:03 | INFO | EDA | ------   Set y to flipper length ----------------------
2026-06-04 17:52:03 | INFO | EDA | --- Section 9: Summary and next steps ---
2026-06-04 17:52:03 | INFO | EDA | ========================
2026-06-04 17:52:03 | INFO | EDA | SUMMARY
2026-06-04 17:52:03 | INFO | EDA | ========================
2026-06-04 17:52:03 | INFO | EDA | Dataset: penguins
2026-06-04 17:52:03 | INFO | EDA | Original rows: 344
2026-06-04 17:52:03 | INFO | EDA | Clean rows:    342
2026-06-04 17:52:03 | INFO | EDA | Groups found in species: ['Adelie', 'Chinstrap', 'Gentoo']
2026-06-04 17:52:03 | INFO | EDA | Species with highest average body mass: Gentoo (5076.02 g)
2026-06-04 17:52:03 | INFO | EDA | Strongest correlation: 
2026-06-04 17:52:03 | INFO | EDA |   flipper_length_mm and body_mass_g (~0.87)
2026-06-04 17:52:03 | INFO | EDA | Suggested next step: 
2026-06-04 17:52:03 | INFO | EDA |   Model body_mass_g ~ flipper_length_mm with linear regression
2026-06-04 17:52:03 | INFO | EDA | ----- in a script, call plt.show() once at the end to display all charts -----
2026-06-04 17:52:03 | INFO | EDA | ----- in a script, close the chart windows (with the close button) to continue  -----
2026-06-04 17:53:10 | INFO | EDA | EDA workflow complete
2026-06-04 17:53:10 | INFO | EDA | IMPORTANT: This script creates chart windows.
2026-06-04 17:53:10 | INFO | EDA | Close any chart windows and terminate this process with CTRL+c as needed.
2026-06-04 17:53:10 | INFO | EDA | ========================
2026-06-04 17:53:10 | INFO | EDA | Executed successfully!
2026-06-04 17:53:10 | INFO | EDA | ========================
2026-06-04 18:07:49 | INFO | EDA-NB | === RUN START ===
2026-06-04 18:07:49 | INFO | EDA-NB | project=EDA-NB
2026-06-04 18:07:49 | INFO | EDA-NB | repo_dir=datafun-04-notebooks
2026-06-04 18:07:49 | INFO | EDA-NB | python=3.14.3
2026-06-04 18:07:49 | INFO | EDA-NB | os=Windows 11
2026-06-04 18:07:49 | INFO | EDA-NB | shell=powershell
2026-06-04 18:07:49 | INFO | EDA-NB | cwd=notebooks
2026-06-04 18:07:49 | INFO | EDA-NB | github_actions=False
2026-06-04 18:07:49 | INFO | EDA-NB | Imports complete.
2026-06-04 18:07:49 | INFO | EDA-NB | Loading dataset: penguins
2026-06-04 18:07:49 | INFO | EDA-NB | Loaded: 344 rows, 7 columns
2026-06-04 18:07:49 | INFO | EDA-NB | Previewing first few rows of the dataset
2026-06-04 18:07:49 | INFO | EDA-NB | Column names
2026-06-04 18:07:49 | INFO | EDA-NB | DataFrame info (types and non-null counts)
2026-06-04 18:07:49 | INFO | EDA-NB | Dataset shape: 344 rows, 7 columns
2026-06-04 18:07:49 | INFO | EDA-NB | Building starter data dictionary
2026-06-04 18:07:49 | DEBUG | EDA-NB | 
              column    dtype  missing_count  missing_pct
0            species      str              0         0.00
1             island      str              0         0.00
2     bill_length_mm  float64              2         0.58
3      bill_depth_mm  float64              2         0.58
4  flipper_length_mm  float64              2         0.58
5        body_mass_g  float64              2         0.58
6                sex      str             11         3.20
2026-06-04 18:07:49 | INFO | EDA-NB | Missing values per column:
2026-06-04 18:07:49 | INFO | EDA-NB | species               0
island                0
bill_length_mm        2
bill_depth_mm         2
flipper_length_mm     2
body_mass_g           2
sex                  11
dtype: int64
2026-06-04 18:07:49 | INFO | EDA-NB | Checking missing values per column
2026-06-04 18:07:49 | DEBUG | EDA-NB | 
sex                  11
bill_depth_mm         2
bill_length_mm        2
flipper_length_mm     2
body_mass_g           2
island                0
species               0
dtype: int64
2026-06-04 18:07:49 | INFO | EDA-NB | Duplicate rows detected: 0
2026-06-04 18:07:49 | INFO | EDA-NB | Call describe() for numeric columns
2026-06-04 18:07:49 | DEBUG | EDA-NB | 
       bill_length_mm  bill_depth_mm  flipper_length_mm  body_mass_g
count      342.000000     342.000000         342.000000   342.000000
mean        43.921930      17.151170         200.915205  4201.754386
std          5.459584       1.974793          14.061714   801.954536
min         32.100000      13.100000         172.000000  2700.000000
25%         39.225000      15.600000         190.000000  3550.000000
50%         44.450000      17.300000         197.000000  4050.000000
75%         48.500000      18.700000         213.000000  4750.000000
max         59.600000      21.500000         231.000000  6300.000000

2026-06-04 18:07:49 | DEBUG | EDA-NB | Columns required to be non-missing: ['bill_length_mm', 'bill_depth_mm', 'flipper_length_mm', 'body_mass_g', 'species']
2026-06-04 18:07:49 | INFO | EDA-NB | Original rows: 344
2026-06-04 18:07:49 | INFO | EDA-NB | Clean rows:    342
2026-06-04 18:07:49 | INFO | EDA-NB | Rows dropped:  2
2026-06-04 18:07:50 | INFO | EDA-NB | --------------- Manual statistics ---------------
2026-06-04 18:07:50 | INFO | EDA-NB | Body Mass Statistics (using numpy):
2026-06-04 18:07:50 | INFO | EDA-NB |   Mean: 4201.75 g
2026-06-04 18:07:50 | INFO | EDA-NB |   Std Dev: 800.78 g
2026-06-04 18:07:50 | INFO | EDA-NB |   Min: 2700.00 g
2026-06-04 18:07:50 | INFO | EDA-NB |   Max: 6300.00 g
2026-06-04 18:07:50 | INFO | EDA-NB |   Range: 3600.00 g
2026-06-04 18:07:50 | INFO | EDA-NB | Species with highest average body mass: Gentoo (5076.02 g)
2026-06-04 18:07:50 | INFO | EDA-NB | Computing overall descriptive statistics
2026-06-04 18:07:50 | DEBUG | EDA-NB | 
                   count         mean         std     min       25%      50%     75%     max
bill_length_mm     342.0    43.921930    5.459584    32.1    39.225    44.45    48.5    59.6
bill_depth_mm      342.0    17.151170    1.974793    13.1    15.600    17.30    18.7    21.5
flipper_length_mm  342.0   200.915205   14.061714   172.0   190.000   197.00   213.0   231.0
body_mass_g        342.0  4201.754386  801.954536  2700.0  3550.000  4050.00  4750.0  6300.0
2026-06-04 18:07:50 | INFO | EDA-NB | --------------- Using pandas groupby() and agg() ---------------
2026-06-04 18:07:50 | INFO | EDA-NB | Computing descriptive statistics by group
2026-06-04 18:07:50 | DEBUG | EDA-NB | 
          bill_length_mm                                  bill_depth_mm                                   \
                   count       mean       std   min   max         count       mean       std   min   max   
species                                                                                                    
Adelie               151  38.791391  2.663405  32.1  46.0           151  18.346358  1.216650  15.5  21.5   
Chinstrap             68  48.833824  3.339256  40.9  58.0            68  18.420588  1.135395  16.4  20.8   
Gentoo               123  47.504878  3.081857  40.9  59.6           123  14.982114  0.981220  13.1  17.3   

          flipper_length_mm                                     body_mass_g                                           
                      count        mean       std    min    max       count         mean         std     min     max  
species                                                                                                               
Adelie                  151  189.953642  6.539457  172.0  210.0         151  3700.662252  458.566126  2850.0  4775.0  
Chinstrap                68  195.823529  7.131894  178.0  212.0          68  3733.088235  384.335081  2700.0  4800.0  
Gentoo                  123  217.186992  6.484976  203.0  231.0         123  5076.016260  504.116237  3950.0  6300.0  
2026-06-04 18:07:50 | INFO | EDA-NB | --------------- Improving the output ---------------
2026-06-04 18:07:50 | DEBUG | EDA-NB | 
                             count         mean         std     min     max
species                                                                    
Adelie    bill_length_mm       151    38.791391    2.663405    32.1    46.0
          bill_depth_mm        151    18.346358    1.216650    15.5    21.5
          flipper_length_mm    151   189.953642    6.539457   172.0   210.0
          body_mass_g          151  3700.662252  458.566126  2850.0  4775.0
Chinstrap bill_length_mm        68    48.833824    3.339256    40.9    58.0
          bill_depth_mm         68    18.420588    1.135395    16.4    20.8
          flipper_length_mm     68   195.823529    7.131894   178.0   212.0
          body_mass_g           68  3733.088235  384.335081  2700.0  4800.0
Gentoo    bill_length_mm       123    47.504878    3.081857    40.9    59.6
          bill_depth_mm        123    14.982114    0.981220    13.1    17.3
          flipper_length_mm    123   217.186992    6.484976   203.0   231.0
          body_mass_g          123  5076.016260  504.116237  3950.0  6300.0
2026-06-04 18:07:50 | INFO | EDA-NB | Computing correlation matrix for numeric columns
2026-06-04 18:07:50 | INFO | EDA-NB | 
Correlation matrix:
2026-06-04 18:07:50 | DEBUG | EDA-NB | 
                   bill_length_mm  bill_depth_mm  flipper_length_mm  body_mass_g
bill_length_mm           1.000000      -0.235053           0.656181     0.595110
bill_depth_mm           -0.235053       1.000000          -0.583851    -0.471916
flipper_length_mm        0.656181      -0.583851           1.000000     0.871202
body_mass_g              0.595110      -0.471916           0.871202     1.000000
2026-06-04 18:07:50 | INFO | EDA-NB | ---------Visualize Correlation Matrix as a Heatmap---------------
2026-06-04 18:07:50 | INFO | EDA-NB | ---- Creating Scatter Plot to see Relationships ------
2026-06-04 18:07:50 | INFO | EDA-NB | ----   Use clean dataframe ---------------------------
2026-06-04 18:07:50 | INFO | EDA-NB | ----   Set x to flipper length -----------------------
2026-06-04 18:07:50 | INFO | EDA-NB | ----   Set y to bill length --------------------------
2026-06-04 18:07:50 | INFO | EDA-NB | ----   Set the hue (color mapping) to the group column --
2026-06-04 18:07:50 | INFO | EDA-NB | ------- Creating another chart -------
2026-06-04 18:07:50 | INFO | EDA-NB | ------ Creating Box Plot to see Distribution: ---------
2026-06-04 18:07:50 | INFO | EDA-NB | ------   Use clean dataframe --------------------------
2026-06-04 18:07:50 | INFO | EDA-NB | ------   Set x to the group column --------------------
2026-06-04 18:07:50 | INFO | EDA-NB | ------   Set y to flipper length ----------------------
2026-06-04 18:07:51 | INFO | EDA-NB | ========================
2026-06-04 18:07:51 | INFO | EDA-NB | SUMMARY
2026-06-04 18:07:51 | INFO | EDA-NB | ========================
2026-06-04 18:07:51 | INFO | EDA-NB | Dataset: penguins
2026-06-04 18:07:51 | INFO | EDA-NB | Original rows: 344
2026-06-04 18:07:51 | INFO | EDA-NB | Clean rows:    342
2026-06-04 18:07:51 | INFO | EDA-NB | Groups found in species: ['Adelie', 'Chinstrap', 'Gentoo']
2026-06-04 18:07:51 | INFO | EDA-NB | Strongest correlation: 
2026-06-04 18:07:51 | INFO | EDA-NB |   flipper_length_mm and body_mass_g (~0.87)
2026-06-04 18:07:51 | INFO | EDA-NB | Suggested next step: 
2026-06-04 18:07:51 | INFO | EDA-NB |   Model body_mass_g ~ flipper_length_mm with linear regression
2026-06-04 18:07:51 | INFO | EDA-NB | EDA workflow complete
2026-06-04 18:07:51 | INFO | EDA-NB | IMPORTANT: This script creates chart windows.
2026-06-04 18:07:51 | INFO | EDA-NB | Close any chart windows and terminate this process with CTRL+c as needed.
2026-06-04 18:07:51 | INFO | EDA-NB | ========================
2026-06-04 18:07:51 | INFO | EDA-NB | Executed successfully!
2026-06-04 18:07:51 | INFO | EDA-NB | ========================
2026-06-04 18:23:11 | INFO | EDA-NB | === RUN START ===
2026-06-04 18:23:11 | INFO | EDA-NB | project=EDA-NB
2026-06-04 18:23:11 | INFO | EDA-NB | repo_dir=datafun-04-notebooks
2026-06-04 18:23:11 | INFO | EDA-NB | python=3.14.3
2026-06-04 18:23:11 | INFO | EDA-NB | os=Windows 11
2026-06-04 18:23:11 | INFO | EDA-NB | shell=powershell
2026-06-04 18:23:11 | INFO | EDA-NB | cwd=notebooks
2026-06-04 18:23:11 | INFO | EDA-NB | github_actions=False
2026-06-04 18:23:11 | INFO | EDA-NB | Imports complete.
2026-06-04 18:23:19 | INFO | EDA-NB | Loading dataset: tips
2026-06-04 18:23:19 | INFO | EDA-NB | Loaded: 244 rows, 7 columns
2026-06-04 18:23:25 | INFO | EDA-NB | Previewing first few rows of the dataset
2026-06-04 18:23:30 | INFO | EDA-NB | Column names
2026-06-04 18:23:32 | INFO | EDA-NB | DataFrame info (types and non-null counts)
2026-06-04 18:23:38 | INFO | EDA-NB | Dataset shape: 244 rows, 7 columns
2026-06-04 18:23:43 | INFO | EDA-NB | Building starter data dictionary
2026-06-04 18:23:43 | DEBUG | EDA-NB | 
       column     dtype  missing_count  missing_pct
0  total_bill   float64              0          0.0
1         tip   float64              0          0.0
2         sex  category              0          0.0
3      smoker  category              0          0.0
4         day  category              0          0.0
5        time  category              0          0.0
6        size     int64              0          0.0
2026-06-04 18:23:49 | INFO | EDA-NB | Missing values per column:
2026-06-04 18:23:49 | INFO | EDA-NB | total_bill    0
tip           0
sex           0
smoker        0
day           0
time          0
size          0
dtype: int64
2026-06-04 18:23:49 | INFO | EDA-NB | Checking missing values per column
2026-06-04 18:23:49 | DEBUG | EDA-NB | 
total_bill    0
tip           0
sex           0
smoker        0
day           0
time          0
size          0
dtype: int64
2026-06-04 18:23:49 | INFO | EDA-NB | Duplicate rows detected: 1
2026-06-04 18:23:49 | INFO | EDA-NB | Call describe() for numeric columns
2026-06-04 18:23:49 | DEBUG | EDA-NB | 
       total_bill         tip        size
count  244.000000  244.000000  244.000000
mean    19.785943    2.998279    2.569672
std      8.902412    1.383638    0.951100
min      3.070000    1.000000    1.000000
25%     13.347500    2.000000    2.000000
50%     17.795000    2.900000    2.000000
75%     24.127500    3.562500    3.000000
max     50.810000   10.000000    6.000000

2026-06-04 18:24:01 | DEBUG | EDA-NB | Columns required to be non-missing: ['total_bill', 'tip', 'size', 'day']
2026-06-04 18:24:01 | INFO | EDA-NB | Original rows: 244
2026-06-04 18:24:01 | INFO | EDA-NB | Clean rows:    244
2026-06-04 18:24:01 | INFO | EDA-NB | Rows dropped:  0
2026-06-04 18:30:06 | INFO | EDA-NB | --------------- Manual statistics ---------------
2026-06-04 18:30:06 | INFO | EDA-NB | Total Bill Statistics (using numpy):
2026-06-04 18:30:06 | INFO | EDA-NB |   Mean: 19.79
2026-06-04 18:30:06 | INFO | EDA-NB |   Std Dev: 8.88
2026-06-04 18:30:06 | INFO | EDA-NB |   Min: 3.07
2026-06-04 18:30:06 | INFO | EDA-NB |   Max: 50.81
2026-06-04 18:30:06 | INFO | EDA-NB |   Range: 47.74
2026-06-04 18:30:06 | INFO | EDA-NB | Day with highest average total bill: Sun (21.41)
2026-06-04 18:30:06 | INFO | EDA-NB | Day with lowest average total bill: Fri (17.15)
2026-06-04 18:30:22 | INFO | EDA-NB | --------------- Improving the output ---------------
2026-06-04 18:31:06 | INFO | EDA-NB | --------------- Improving grouped output readability ---------------
2026-06-04 18:31:17 | INFO | EDA-NB | --------------- Improving grouped output readability ---------------
2026-06-04 18:31:51 | INFO | EDA-NB | --------------- Manual statistics ---------------
2026-06-04 18:31:51 | INFO | EDA-NB | Total Bill Statistics (using numpy):
2026-06-04 18:31:51 | INFO | EDA-NB |   Mean: 19.79
2026-06-04 18:31:51 | INFO | EDA-NB |   Std Dev: 8.88
2026-06-04 18:31:51 | INFO | EDA-NB |   Min: 3.07
2026-06-04 18:31:51 | INFO | EDA-NB |   Max: 50.81
2026-06-04 18:31:51 | INFO | EDA-NB |   Range: 47.74
2026-06-04 18:31:51 | INFO | EDA-NB | Day with highest average total bill: Sun (21.41)
2026-06-04 18:31:51 | INFO | EDA-NB | Day with lowest average total bill: Fri (17.15)
2026-06-04 18:31:56 | INFO | EDA-NB | --------------- Improving grouped output readability ---------------
2026-06-04 18:32:27 | INFO | EDA-NB | --------------- Improving grouped output readability ---------------
2026-06-04 18:32:27 | DEBUG | EDA-NB | 
                 count       mean       std   min    max
day                                                     
Thur total_bill     62  17.682742  7.886170  7.51  43.11
     tip            62   2.771452  1.240223  1.25   6.70
     size           62   2.451613  1.066285  1.00   6.00
Fri  total_bill     19  17.151579  8.302660  5.75  40.17
     tip            19   2.734737  1.019577  1.00   4.73
     size           19   2.105263  0.567131  1.00   4.00
Sat  total_bill     87  20.441379  9.480419  3.07  50.81
     tip            87   2.993103  1.631014  1.00  10.00
     size           87   2.517241  0.819275  1.00   5.00
Sun  total_bill     76  21.410000  8.832122  7.25  48.17
     tip            76   3.255132  1.234880  1.01   6.50
     size           76   2.842105  1.007341  2.00   6.00
2026-06-04 18:32:41 | INFO | EDA-NB | Computing correlation matrix for numeric columns
2026-06-04 18:32:41 | INFO | EDA-NB | 
Correlation matrix:
2026-06-04 18:32:41 | DEBUG | EDA-NB | 
            total_bill       tip      size
total_bill    1.000000  0.675734  0.598315
tip           0.675734  1.000000  0.489299
size          0.598315  0.489299  1.000000
2026-06-04 18:32:50 | INFO | EDA-NB | ---------Visualize Correlation Matrix as a Heatmap---------------
2026-06-04 18:33:54 | INFO | EDA-NB | --------- Visualize Correlation Matrix as a Heatmap ---------
2026-06-04 18:34:55 | INFO | EDA-NB | ---- Creating Scatter Plot to see Relationships ------
2026-06-04 18:34:55 | INFO | EDA-NB | ----   Use clean dataframe ---------------------------
2026-06-04 18:34:55 | INFO | EDA-NB | ----   Set x to total bill ---------------------------
2026-06-04 18:34:55 | INFO | EDA-NB | ----   Set y to tip ----------------------------------
2026-06-04 18:34:55 | INFO | EDA-NB | ----   Set the hue (color mapping) to day ------------
2026-06-04 18:36:01 | INFO | EDA-NB | ------- Creating another chart -------
2026-06-04 18:36:01 | INFO | EDA-NB | ------ Creating Box Plot to see Distribution: ---------
2026-06-04 18:36:01 | INFO | EDA-NB | ------   Use clean dataframe --------------------------
2026-06-04 18:36:01 | INFO | EDA-NB | ------   Set x to day ---------------------------------
2026-06-04 18:36:01 | INFO | EDA-NB | ------   Set y to total bill --------------------------
2026-06-04 18:36:50 | INFO | EDA-NB | ========================
2026-06-04 18:36:50 | INFO | EDA-NB | SUMMARY
2026-06-04 18:36:50 | INFO | EDA-NB | ========================
2026-06-04 18:36:50 | INFO | EDA-NB | Dataset: tips
2026-06-04 18:36:50 | INFO | EDA-NB | Original rows: 244
2026-06-04 18:36:50 | INFO | EDA-NB | Clean rows:    244
2026-06-04 18:36:50 | INFO | EDA-NB | Days found in dataset: ['Fri', 'Sat', 'Sun', 'Thur']
2026-06-04 18:36:50 | INFO | EDA-NB | Strongest relationship (typical observation):
2026-06-04 18:36:50 | INFO | EDA-NB |   total_bill and tip (positive correlation)
2026-06-04 18:36:50 | INFO | EDA-NB | Suggested next step:
2026-06-04 18:36:50 | INFO | EDA-NB |   Model tip ~ total_bill using linear regression
2026-06-04 18:36:50 | INFO | EDA-NB | EDA workflow complete
2026-06-04 18:36:50 | INFO | EDA-NB | IMPORTANT: This script creates chart windows.
2026-06-04 18:36:50 | INFO | EDA-NB | Close any chart windows and terminate this process with CTRL+c as needed.
2026-06-04 18:36:50 | INFO | EDA-NB | ========================
2026-06-04 18:36:50 | INFO | EDA-NB | Executed successfully!
2026-06-04 18:36:50 | INFO | EDA-NB | ========================
2026-06-04 18:55:29 | INFO | EDA | === RUN START ===
2026-06-04 18:55:29 | INFO | EDA | project=EDA
2026-06-04 18:55:29 | INFO | EDA | repo_dir=datafun-04-notebooks
2026-06-04 18:55:29 | INFO | EDA | python=3.14.3
2026-06-04 18:55:29 | INFO | EDA | os=Windows 11
2026-06-04 18:55:29 | INFO | EDA | shell=powershell
2026-06-04 18:55:29 | INFO | EDA | cwd=.
2026-06-04 18:55:29 | INFO | EDA | github_actions=False
2026-06-04 18:55:29 | INFO | EDA | ========================
2026-06-04 18:55:29 | INFO | EDA | START main()
2026-06-04 18:55:29 | INFO | EDA | ========================
2026-06-04 18:55:29 | INFO | EDA | --- Section 2: Load dataset: tips ---
2026-06-04 18:55:29 | INFO | EDA | Loading dataset: tips
2026-06-04 18:55:29 | INFO | EDA | Loaded: 244 rows, 7 columns
2026-06-04 18:55:29 | INFO | EDA | --- Section 3: Inspect shape and basic structure ---
2026-06-04 18:55:29 | INFO | EDA | Previewing first few rows of the dataset
2026-06-04 18:55:29 | DEBUG | EDA | 
   total_bill   tip     sex smoker  day    time  size
0       16.99  1.01  Female     No  Sun  Dinner     2
1       10.34  1.66    Male     No  Sun  Dinner     3
2       21.01  3.50    Male     No  Sun  Dinner     3
3       23.68  3.31    Male     No  Sun  Dinner     2
4       24.59  3.61  Female     No  Sun  Dinner     4
2026-06-04 18:55:29 | INFO | EDA | Column names
2026-06-04 18:55:29 | DEBUG | EDA | ['total_bill', 'tip', 'sex', 'smoker', 'day', 'time', 'size']
2026-06-04 18:55:29 | INFO | EDA | DataFrame info (types and non-null counts)
2026-06-04 18:55:29 | INFO | EDA | Dataset shape: 244 rows, 7 columns
2026-06-04 18:55:29 | INFO | EDA | --- Section 4: Create Data Dictionary and Check Data Quality ---
2026-06-04 18:55:29 | INFO | EDA | Building starter data dictionary
2026-06-04 18:55:29 | DEBUG | EDA | 
       column     dtype  missing_count  missing_pct
0  total_bill   float64              0          0.0
1         tip   float64              0          0.0
2         sex  category              0          0.0
3      smoker  category              0          0.0
4         day  category              0          0.0
5        time  category              0          0.0
6        size     int64              0          0.0
2026-06-04 18:55:29 | INFO | EDA | Missing values per column:
2026-06-04 18:55:29 | INFO | EDA | 
total_bill    0
tip           0
sex           0
smoker        0
day           0
time          0
size          0
dtype: int64
2026-06-04 18:55:29 | INFO | EDA | Checking missing values per column
2026-06-04 18:55:29 | DEBUG | EDA | 
total_bill    0
tip           0
sex           0
smoker        0
day           0
time          0
size          0
dtype: int64
2026-06-04 18:55:29 | INFO | EDA | Duplicate rows detected: 1
2026-06-04 18:55:29 | INFO | EDA | Call describe() for numeric columns
2026-06-04 18:55:29 | DEBUG | EDA | 
       total_bill         tip        size
count  244.000000  244.000000  244.000000
mean    19.785943    2.998279    2.569672
std      8.902412    1.383638    0.951100
min      3.070000    1.000000    1.000000
25%     13.347500    2.000000    2.000000
50%     17.795000    2.900000    2.000000
75%     24.127500    3.562500    3.000000
max     50.810000   10.000000    6.000000

2026-06-04 18:55:29 | INFO | EDA | --- Section 5: Create a cleaned view for EDA ---
2026-06-04 18:55:29 | INFO | EDA | Creating cleaned view for EDA (dropping rows with key missing values)
2026-06-04 18:55:29 | DEBUG | EDA | Columns required to be non-missing: ['total_bill', 'tip', 'size', 'day']
2026-06-04 18:55:29 | INFO | EDA | Original rows: 244
2026-06-04 18:55:29 | INFO | EDA | Clean rows:    244
2026-06-04 18:55:29 | INFO | EDA | Rows dropped:  0
2026-06-04 18:55:29 | INFO | EDA | --- Section 6: Descriptive statistics for numeric columns ---
2026-06-04 18:55:29 | INFO | EDA | --------------- Manual statistics ---------------
2026-06-04 18:55:29 | INFO | EDA | --------------- Manual statistics ---------------
2026-06-04 18:55:29 | INFO | EDA | Total Bill Statistics (using numpy):
2026-06-04 18:55:29 | INFO | EDA |   Mean: 19.79
2026-06-04 18:55:29 | INFO | EDA |   Std Dev: 8.88
2026-06-04 18:55:29 | INFO | EDA |   Min: 3.07
2026-06-04 18:55:29 | INFO | EDA |   Max: 50.81
2026-06-04 18:55:29 | INFO | EDA |   Range: 47.74
2026-06-04 18:55:29 | INFO | EDA | --------------- Using pandas describe() method ---------------
2026-06-04 18:55:29 | INFO | EDA | Computing overall descriptive statistics
2026-06-04 18:55:29 | DEBUG | EDA | 
            count       mean       std   min      25%     50%      75%    max
total_bill  244.0  19.785943  8.902412  3.07  13.3475  17.795  24.1275  50.81
tip         244.0   2.998279  1.383638  1.00   2.0000   2.900   3.5625  10.00
size        244.0   2.569672  0.951100  1.00   2.0000   2.000   3.0000   6.00
2026-06-04 18:55:29 | INFO | EDA | --------------- Using pandas groupby() and agg() ---------------
2026-06-04 18:55:29 | INFO | EDA | Computing descriptive statistics by group
2026-06-04 18:55:29 | DEBUG | EDA | 
     total_bill                                     tip                                   size                      \
          count       mean       std   min    max count      mean       std   min    max count      mean       std   
day                                                                                                                  
Thur         62  17.682742  7.886170  7.51  43.11    62  2.771452  1.240223  1.25   6.70    62  2.451613  1.066285   
Fri          19  17.151579  8.302660  5.75  40.17    19  2.734737  1.019577  1.00   4.73    19  2.105263  0.567131   
Sat          87  20.441379  9.480419  3.07  50.81    87  2.993103  1.631014  1.00  10.00    87  2.517241  0.819275   
Sun          76  21.410000  8.832122  7.25  48.17    76  3.255132  1.234880  1.01   6.50    76  2.842105  1.007341   

              
     min max  
day           
Thur   1   6  
Fri    1   4  
Sat    1   5  
Sun    2   6  
2026-06-04 18:55:29 | INFO | EDA | 
Stacked view - easier to read in logs:
2026-06-04 18:55:29 | DEBUG | EDA | 
                 count       mean       std   min    max
day                                                     
Thur total_bill     62  17.682742  7.886170  7.51  43.11
     tip            62   2.771452  1.240223  1.25   6.70
     size           62   2.451613  1.066285  1.00   6.00
Fri  total_bill     19  17.151579  8.302660  5.75  40.17
     tip            19   2.734737  1.019577  1.00   4.73
     size           19   2.105263  0.567131  1.00   4.00
Sat  total_bill     87  20.441379  9.480419  3.07  50.81
     tip            87   2.993103  1.631014  1.00  10.00
     size           87   2.517241  0.819275  1.00   5.00
Sun  total_bill     76  21.410000  8.832122  7.25  48.17
     tip            76   3.255132  1.234880  1.01   6.50
     size           76   2.842105  1.007341  2.00   6.00
2026-06-04 18:55:29 | INFO | EDA | --- Section 7: Correlation matrix for numeric columns ---
2026-06-04 18:55:29 | INFO | EDA | Computing correlation matrix for numeric columns
2026-06-04 18:55:29 | INFO | EDA | 
Correlation matrix:
2026-06-04 18:55:29 | DEBUG | EDA | 
            total_bill       tip      size
total_bill    1.000000  0.675734  0.598315
tip           0.675734  1.000000  0.489299
size          0.598315  0.489299  1.000000
2026-06-04 18:55:29 | INFO | EDA | ---------Visualize Correlation Matrix as a Heatmap---------------
2026-06-04 18:55:31 | INFO | EDA | 
CUSTOM: Update these notes and use Markdown cells to narrate and tell the story as you explore. For example:

Interpretation:

 - Values close to 1 (dark red) = strong positive correlation (both increase together)
 - Values close to -1 (dark blue) = strong negative correlation (one increases, other decreases)
 - Values close to 0 (white) = little or no linear relationship
 - The diagonal is always 1 (each variable correlates perfectly with itself)

From this heatmap, we can see that flipper_length_mm and body_mass_g show strong positive correlation (~0.87).

2026-06-04 18:55:31 | INFO | EDA | --- Section 8: Charts ---
2026-06-04 18:55:31 | INFO | EDA | ---- Creating Scatter Plot to see Relationships ------
2026-06-04 18:55:31 | INFO | EDA | ----   Use clean dataframe ---------------------------
2026-06-04 18:55:31 | INFO | EDA | ----   Set x to total bill -----------------------
2026-06-04 18:55:31 | INFO | EDA | ----   Set y to tip --------------------------
2026-06-04 18:55:31 | INFO | EDA | ----   Set the hue (color mapping) to the group column --
2026-06-04 18:55:31 | INFO | EDA | ------ Creating Box Plot to see Distribution: ---------
2026-06-04 18:55:31 | INFO | EDA | ------   Use clean dataframe --------------------------
2026-06-04 18:55:31 | INFO | EDA | ------   Set x to the group column --------------------
2026-06-04 18:55:31 | INFO | EDA | ------   Set y to total bill --------------------------
2026-06-04 18:55:31 | INFO | EDA | --- Section 9: Summary and next steps ---
2026-06-04 18:55:31 | INFO | EDA | ========================
2026-06-04 18:55:31 | INFO | EDA | SUMMARY
2026-06-04 18:55:31 | INFO | EDA | ========================
2026-06-04 18:55:31 | INFO | EDA | Dataset: tips
2026-06-04 18:55:31 | INFO | EDA | Original rows: 244
2026-06-04 18:55:31 | INFO | EDA | Clean rows:    244
2026-06-04 18:55:31 | INFO | EDA | Groups found in day: ['Fri', 'Sat', 'Sun', 'Thur']
2026-06-04 18:55:31 | INFO | EDA | Day with highest average tip: Sun (3.26 $)
2026-06-04 18:55:31 | INFO | EDA | Average tip by smoker status:
2026-06-04 18:55:31 | INFO | EDA | 
smoker
Yes    3.008710
No     2.991854
Name: tip, dtype: float64
2026-06-04 18:55:31 | INFO | EDA | Observation: tips vary across days, suggesting behavioral or social patterns.
2026-06-04 18:55:31 | INFO | EDA |   best_day and best_tip variables capture the day with the highest average tip and the amount.
2026-06-04 18:55:31 | INFO | EDA | Suggested next step:
2026-06-04 18:55:31 | INFO | EDA |   Compare tips by smoker status or time of day (lunch vs dinner)
2026-06-04 18:55:31 | INFO | EDA | ----- in a script, call plt.show() once at the end to display all charts -----
2026-06-04 18:55:31 | INFO | EDA | ----- in a script, close the chart windows (with the close button) to continue  -----
2026-06-04 18:56:18 | INFO | EDA | EDA workflow complete
2026-06-04 18:56:18 | INFO | EDA | IMPORTANT: This script creates chart windows.
2026-06-04 18:56:18 | INFO | EDA | Close any chart windows and terminate this process with CTRL+c as needed.
2026-06-04 18:56:18 | INFO | EDA | ========================
2026-06-04 18:56:18 | INFO | EDA | Executed successfully!
2026-06-04 18:56:18 | INFO | EDA | ========================
2026-06-05 09:54:36 | INFO | EDA-NB | === RUN START ===
2026-06-05 09:54:36 | INFO | EDA-NB | project=EDA-NB
2026-06-05 09:54:36 | INFO | EDA-NB | repo_dir=datafun-04-notebooks
2026-06-05 09:54:36 | INFO | EDA-NB | python=3.14.3
2026-06-05 09:54:36 | INFO | EDA-NB | os=Windows 11
2026-06-05 09:54:36 | INFO | EDA-NB | shell=powershell
2026-06-05 09:54:36 | INFO | EDA-NB | cwd=notebooks
2026-06-05 09:54:36 | INFO | EDA-NB | github_actions=False
2026-06-05 09:54:36 | INFO | EDA-NB | Imports complete.
2026-06-05 09:54:36 | INFO | EDA-NB | Loading dataset: tips
2026-06-05 09:54:36 | INFO | EDA-NB | Loaded: 244 rows, 7 columns
2026-06-05 09:54:36 | INFO | EDA-NB | Previewing first few rows of the dataset
2026-06-05 09:54:36 | INFO | EDA-NB | Column names
2026-06-05 09:54:36 | INFO | EDA-NB | DataFrame info (types and non-null counts)
2026-06-05 09:54:36 | INFO | EDA-NB | Dataset shape: 244 rows, 7 columns
2026-06-05 09:54:36 | INFO | EDA-NB | Building starter data dictionary
2026-06-05 09:54:36 | DEBUG | EDA-NB | 
       column     dtype  missing_count  missing_pct
0  total_bill   float64              0          0.0
1         tip   float64              0          0.0
2         sex  category              0          0.0
3      smoker  category              0          0.0
4         day  category              0          0.0
5        time  category              0          0.0
6        size     int64              0          0.0
2026-06-05 09:54:36 | INFO | EDA-NB | Missing values per column:
2026-06-05 09:54:36 | INFO | EDA-NB | total_bill    0
tip           0
sex           0
smoker        0
day           0
time          0
size          0
dtype: int64
2026-06-05 09:54:36 | INFO | EDA-NB | Checking missing values per column
2026-06-05 09:54:36 | DEBUG | EDA-NB | 
total_bill    0
tip           0
sex           0
smoker        0
day           0
time          0
size          0
dtype: int64
2026-06-05 09:54:36 | INFO | EDA-NB | Duplicate rows detected: 1
2026-06-05 09:54:36 | INFO | EDA-NB | Call describe() for numeric columns
2026-06-05 09:54:36 | DEBUG | EDA-NB | 
       total_bill         tip        size
count  244.000000  244.000000  244.000000
mean    19.785943    2.998279    2.569672
std      8.902412    1.383638    0.951100
min      3.070000    1.000000    1.000000
25%     13.347500    2.000000    2.000000
50%     17.795000    2.900000    2.000000
75%     24.127500    3.562500    3.000000
max     50.810000   10.000000    6.000000

2026-06-05 09:54:36 | DEBUG | EDA-NB | Columns required to be non-missing: ['total_bill', 'tip', 'size', 'day']
2026-06-05 09:54:36 | INFO | EDA-NB | Original rows: 244
2026-06-05 09:54:36 | INFO | EDA-NB | Clean rows:    244
2026-06-05 09:54:36 | INFO | EDA-NB | Rows dropped:  0
2026-06-05 09:54:36 | INFO | EDA-NB | --------------- Manual statistics ---------------
2026-06-05 09:54:36 | INFO | EDA-NB | Total Bill Statistics (using numpy):
2026-06-05 09:54:36 | INFO | EDA-NB |   Mean: 19.79
2026-06-05 09:54:36 | INFO | EDA-NB |   Std Dev: 8.88
2026-06-05 09:54:36 | INFO | EDA-NB |   Min: 3.07
2026-06-05 09:54:36 | INFO | EDA-NB |   Max: 50.81
2026-06-05 09:54:36 | INFO | EDA-NB |   Range: 47.74
2026-06-05 09:54:36 | INFO | EDA-NB | Day with highest average total bill: Sun (21.41)
2026-06-05 09:54:36 | INFO | EDA-NB | Day with lowest average total bill: Fri (17.15)
2026-06-05 09:54:36 | INFO | EDA-NB | --------------- Improving grouped output readability ---------------
2026-06-05 09:54:36 | DEBUG | EDA-NB | 
                 count       mean       std   min    max
day                                                     
Thur total_bill     62  17.682742  7.886170  7.51  43.11
     tip            62   2.771452  1.240223  1.25   6.70
     size           62   2.451613  1.066285  1.00   6.00
Fri  total_bill     19  17.151579  8.302660  5.75  40.17
     tip            19   2.734737  1.019577  1.00   4.73
     size           19   2.105263  0.567131  1.00   4.00
Sat  total_bill     87  20.441379  9.480419  3.07  50.81
     tip            87   2.993103  1.631014  1.00  10.00
     size           87   2.517241  0.819275  1.00   5.00
Sun  total_bill     76  21.410000  8.832122  7.25  48.17
     tip            76   3.255132  1.234880  1.01   6.50
     size           76   2.842105  1.007341  2.00   6.00
2026-06-05 09:54:36 | INFO | EDA-NB | Computing correlation matrix for numeric columns
2026-06-05 09:54:36 | INFO | EDA-NB | 
Correlation matrix:
2026-06-05 09:54:36 | DEBUG | EDA-NB | 
            total_bill       tip      size
total_bill    1.000000  0.675734  0.598315
tip           0.675734  1.000000  0.489299
size          0.598315  0.489299  1.000000
2026-06-05 09:54:36 | INFO | EDA-NB | --------- Visualize Correlation Matrix as a Heatmap ---------
2026-06-05 09:54:36 | INFO | EDA-NB | ---- Creating Scatter Plot to see Relationships ------
2026-06-05 09:54:36 | INFO | EDA-NB | ----   Use clean dataframe ---------------------------
2026-06-05 09:54:36 | INFO | EDA-NB | ----   Set x to total bill ---------------------------
2026-06-05 09:54:36 | INFO | EDA-NB | ----   Set y to tip ----------------------------------
2026-06-05 09:54:36 | INFO | EDA-NB | ----   Set the hue (color mapping) to day ------------
2026-06-05 09:54:37 | INFO | EDA-NB | ------- Creating another chart -------
2026-06-05 09:54:37 | INFO | EDA-NB | ------ Creating Box Plot to see Distribution: ---------
2026-06-05 09:54:37 | INFO | EDA-NB | ------   Use clean dataframe --------------------------
2026-06-05 09:54:37 | INFO | EDA-NB | ------   Set x to day ---------------------------------
2026-06-05 09:54:37 | INFO | EDA-NB | ------   Set y to total bill --------------------------
2026-06-05 09:54:37 | INFO | EDA-NB | ========================
2026-06-05 09:54:37 | INFO | EDA-NB | SUMMARY
2026-06-05 09:54:37 | INFO | EDA-NB | ========================
2026-06-05 09:54:37 | INFO | EDA-NB | Dataset: tips
2026-06-05 09:54:37 | INFO | EDA-NB | Original rows: 244
2026-06-05 09:54:37 | INFO | EDA-NB | Clean rows:    244
2026-06-05 09:54:37 | INFO | EDA-NB | Days found in dataset: ['Fri', 'Sat', 'Sun', 'Thur']
2026-06-05 09:54:37 | INFO | EDA-NB | Strongest relationship (typical observation):
2026-06-05 09:54:37 | INFO | EDA-NB |   total_bill and tip (positive correlation)
2026-06-05 09:54:37 | INFO | EDA-NB | Suggested next step:
2026-06-05 09:54:37 | INFO | EDA-NB |   Model tip ~ total_bill using linear regression
2026-06-05 09:54:37 | INFO | EDA-NB | EDA workflow complete
2026-06-05 09:54:37 | INFO | EDA-NB | IMPORTANT: This script creates chart windows.
2026-06-05 09:54:37 | INFO | EDA-NB | Close any chart windows and terminate this process with CTRL+c as needed.
2026-06-05 09:54:37 | INFO | EDA-NB | ========================
2026-06-05 09:54:37 | INFO | EDA-NB | Executed successfully!
2026-06-05 09:54:37 | INFO | EDA-NB | ========================
